<?xml version="1.0" encoding="UTF-8"?>
<!-- Generated by org.testng.reporters.JUnitXMLReporter -->
<testsuite ignored="3" hostname="Manu" failures="0" tests="1" name="Test" time="23.458" errors="0" timestamp="2022-08-17T17:10:36 IST">
  <testcase classname="com.Buildvest.Customer.FirsttestNg" name="ViewBenificiaryAferAddingBenificiaryTest" time="4.156"/>
  <testcase classname="com.Buildvest.Customer.FirsttestNg" name="ToVerifyCustomerAddBeneficiarythengotoFundTransferPageLogoutApplicationTest" time="0.0">
    <ignored/>
  </testcase> <!-- ToVerifyCustomerAddBeneficiarythengotoFundTransferPageLogoutApplicationTest -->
  <testcase classname="com.Buildvest.Customer.FirsttestNg" name="ChangePasswordAndLoginWithNewPassword" time="0.0">
    <ignored/>
  </testcase> <!-- ChangePasswordAndLoginWithNewPassword -->
  <testcase classname="com.Buildvest.Customer.FirsttestNg" name="addBenificiaryYourselfTest" time="0.0">
    <ignored/>
  </testcase> <!-- addBenificiaryYourselfTest -->
</testsuite> <!-- Test -->
