<?xml version="1.0" encoding="UTF-8"?>
<!-- Generated by org.testng.reporters.JUnitXMLReporter -->
<testsuite ignored="0" hostname="Manu" failures="0" tests="4" name="TestRunner2" time="27.36" errors="0" timestamp="2022-08-18T13:31:54 IST">
  <testcase classname="com.bidvest.genericutility.BaseClass" name="@BeforeMethod configBM" time="0.084">
    <failure type="org.openqa.selenium.interactions.MoveTargetOutOfBoundsException" message="(819, 661) is out of bounds of viewport width (1366) and height (643)
Build info: version: &amp;apos;3.141.59&amp;apos;, revision: &amp;apos;e82be7d358&amp;apos;, time: &amp;apos;2018-11-14T08:17:03&amp;apos;
System info: host: &amp;apos;MANU&amp;apos;, ip: &amp;apos;192.168.0.237&amp;apos;, os.name: &amp;apos;Windows 10&amp;apos;, os.arch: &amp;apos;amd64&amp;apos;, os.version: &amp;apos;10.0&amp;apos;, java.version: &amp;apos;15.0.1&amp;apos;
Driver info: org.openqa.selenium.firefox.FirefoxDriver
Capabilities {acceptInsecureCerts: true, browserName: firefox, browserVersion: 103.0.2, javascriptEnabled: true, moz:accessibilityChecks: false, moz:buildID: 20220808125904, moz:geckodriverVersion: 0.31.0, moz:headless: false, moz:platformVersion: 10.0, moz:processID: 15556, moz:profile: C:\Users\Manu\AppData\Local..., moz:shutdownTimeout: 60000, moz:useNonSpecCompliantPointerOrigin: false, moz:webdriverClick: true, moz:windowless: false, pageLoadStrategy: normal, platform: WINDOWS, platformName: WINDOWS, proxy: Proxy(), setWindowRect: true, strictFileInteractability: false, timeouts: {implicit: 0, pageLoad: 300000, script: 30000}, unhandledPromptBehavior: dismiss and notify}
Session ID: 6dd155cf-28fe-4520-bae6-bf152b93c08e">
      <![CDATA[org.openqa.selenium.interactions.MoveTargetOutOfBoundsException: (819, 661) is out of bounds of viewport width (1366) and height (643)
Build info: version: '3.141.59', revision: 'e82be7d358', time: '2018-11-14T08:17:03'
System info: host: 'MANU', ip: '192.168.0.237', os.name: 'Windows 10', os.arch: 'amd64', os.version: '10.0', java.version: '15.0.1'
Driver info: org.openqa.selenium.firefox.FirefoxDriver
Capabilities {acceptInsecureCerts: true, browserName: firefox, browserVersion: 103.0.2, javascriptEnabled: true, moz:accessibilityChecks: false, moz:buildID: 20220808125904, moz:geckodriverVersion: 0.31.0, moz:headless: false, moz:platformVersion: 10.0, moz:processID: 15556, moz:profile: C:\Users\Manu\AppData\Local..., moz:shutdownTimeout: 60000, moz:useNonSpecCompliantPointerOrigin: false, moz:webdriverClick: true, moz:windowless: false, pageLoadStrategy: normal, platform: WINDOWS, platformName: WINDOWS, proxy: Proxy(), setWindowRect: true, strictFileInteractability: false, timeouts: {implicit: 0, pageLoad: 300000, script: 30000}, unhandledPromptBehavior: dismiss and notify}
Session ID: 6dd155cf-28fe-4520-bae6-bf152b93c08e
at org.openqa.selenium.remote.http.W3CHttpResponseCodec.createException(W3CHttpResponseCodec.java:187)
at org.openqa.selenium.remote.http.W3CHttpResponseCodec.decode(W3CHttpResponseCodec.java:122)
at org.openqa.selenium.remote.http.W3CHttpResponseCodec.decode(W3CHttpResponseCodec.java:49)
at org.openqa.selenium.remote.HttpCommandExecutor.execute(HttpCommandExecutor.java:158)
at org.openqa.selenium.remote.service.DriverCommandExecutor.execute(DriverCommandExecutor.java:83)
at org.openqa.selenium.remote.RemoteWebDriver.execute(RemoteWebDriver.java:552)
at org.openqa.selenium.remote.RemoteWebDriver.perform(RemoteWebDriver.java:618)
at org.openqa.selenium.interactions.Actions$BuiltAction.perform(Actions.java:639)
at org.openqa.selenium.interactions.Actions.perform(Actions.java:595)
at com.bidvest.genericutility.WebDriverUtlity.mouseOverOnElement(WebDriverUtlity.java:148)
at com.bidvest.genericutility.BaseClass.configBM(BaseClass.java:92)
at java.base/java.util.ArrayList.forEach(ArrayList.java:1511)
at java.base/java.util.concurrent.FutureTask.run(FutureTask.java:264)
at java.base/java.util.concurrent.ThreadPoolExecutor.runWorker(ThreadPoolExecutor.java:1130)
at java.base/java.util.concurrent.ThreadPoolExecutor$Worker.run(ThreadPoolExecutor.java:630)
at java.base/java.lang.Thread.run(Thread.java:832)
... Removed 27 stack frames]]>
    </failure>
  </testcase> <!-- @BeforeMethod configBM -->
  <testcase classname="com.bidvest.genericutility.BaseClass" name="@AfterMethod configAM" time="-1.660809617919E9">
    <skipped/>
  </testcase> <!-- @AfterMethod configAM -->
  <testcase classname="com.bidvest.genericutility.BaseClass" name="@BeforeMethod configBM" time="-1.66080961793E9">
    <skipped/>
  </testcase> <!-- @BeforeMethod configBM -->
  <testcase classname="com.bidvest.genericutility.BaseClass" name="@AfterMethod configAM" time="-1.660809617944E9">
    <skipped/>
  </testcase> <!-- @AfterMethod configAM -->
  <testcase classname="com.bidvest.genericutility.BaseClass" name="@BeforeMethod configBM" time="-1.660809617959E9">
    <skipped/>
  </testcase> <!-- @BeforeMethod configBM -->
  <testcase classname="com.bidvest.genericutility.BaseClass" name="@AfterMethod configAM" time="-1.660809617976E9">
    <skipped/>
  </testcase> <!-- @AfterMethod configAM -->
  <testcase classname="com.bidvest.genericutility.BaseClass" name="@BeforeMethod configBM" time="-1.660809617982E9">
    <skipped/>
  </testcase> <!-- @BeforeMethod configBM -->
  <testcase classname="com.bidvest.genericutility.BaseClass" name="@AfterMethod configAM" time="-1.660809617993E9">
    <skipped/>
  </testcase> <!-- @AfterMethod configAM -->
  <testcase classname="com.bidvest.genericutility.BaseClass" name="@AfterClass configAC" time="-1.660809618004E9">
    <skipped/>
  </testcase> <!-- @AfterClass configAC -->
  <testcase classname="com.Buildvest.Customer.FirsttestNg" name="addBenificiaryYourselfTest" time="0.0">
    <skipped/>
  </testcase> <!-- addBenificiaryYourselfTest -->
  <testcase classname="com.Buildvest.Customer.FirsttestNg" name="ToVerifyCustomerAddBeneficiarythengotoFundTransferPageLogoutApplicationTest" time="0.0">
    <skipped/>
  </testcase> <!-- ToVerifyCustomerAddBeneficiarythengotoFundTransferPageLogoutApplicationTest -->
  <testcase classname="com.Buildvest.Customer.FirsttestNg" name="ViewBenificiaryAferAddingBenificiaryTest" time="0.0">
    <skipped/>
  </testcase> <!-- ViewBenificiaryAferAddingBenificiaryTest -->
  <testcase classname="com.Buildvest.Customer.FirsttestNg" name="ChangePasswordAndLoginWithNewPassword" time="0.0">
    <skipped/>
  </testcase> <!-- ChangePasswordAndLoginWithNewPassword -->
</testsuite> <!-- TestRunner2 -->
