<?xml version="1.0" encoding="UTF-8"?>
<!-- Generated by org.testng.reporters.JUnitXMLReporter -->
<testsuite ignored="0" hostname="Manu" failures="1" tests="8" name="Test" time="56.083" errors="0" timestamp="2022-08-19T13:06:05 IST">
  <testcase classname="com.Buildvest.Customer.FirsttestNg" name="addBenificiaryYourselfTest" time="6.946">
    <skipped/>
  </testcase> <!-- addBenificiaryYourselfTest -->
  <testcase classname="com.Buildvest.Customer.FirsttestNg" name="addBenificiaryYourselfTest" time="2.542">
    <skipped/>
  </testcase> <!-- addBenificiaryYourselfTest -->
  <testcase classname="com.Buildvest.Customer.FirsttestNg" name="addBenificiaryYourselfTest" time="2.346">
    <skipped/>
  </testcase> <!-- addBenificiaryYourselfTest -->
  <testcase classname="com.Buildvest.Customer.FirsttestNg" name="addBenificiaryYourselfTest" time="2.166">
    <skipped/>
  </testcase> <!-- addBenificiaryYourselfTest -->
  <testcase classname="com.Buildvest.Customer.FirsttestNg" name="addBenificiaryYourselfTest" time="2.649">
    <failure type="java.lang.AssertionError" message="null">
      <![CDATA[java.lang.AssertionError: null
at com.Buildvest.Customer.FirsttestNg.addBenificiaryYourselfTest(FirsttestNg.java:65)
at java.base/java.util.ArrayList.forEach(ArrayList.java:1511)
... Removed 29 stack frames]]>
    </failure>
  </testcase> <!-- addBenificiaryYourselfTest -->
  <testcase classname="com.Buildvest.Customer.FirsttestNg" name="ToVerifyCustomerAddBeneficiarythengotoFundTransferPageLogoutApplicationTest" time="3.101"/>
  <testcase classname="com.Buildvest.Customer.FirsttestNg" name="ViewBenificiaryAferAddingBenificiaryTest" time="1.416"/>
  <testcase classname="com.Buildvest.Customer.FirsttestNg" name="ChangePasswordAndLoginWithNewPassword" time="2.924"/>
</testsuite> <!-- Test -->
