<?xml version="1.0" encoding="UTF-8"?>
<testng-results ignored="0" total="5" passed="4" failed="1" skipped="0">
  <reporter-output>
  </reporter-output>
  <suite started-at="2022-08-23T14:44:44 IST" name="Batch" finished-at="2022-08-23T14:45:38 IST" duration-ms="53983">
    <groups>
      <group name="regression">
        <method signature="FirsttestNg.ChangePasswordAndLoginWithNewPassword()[pri:4, instance:com.Buildvest.Customer.FirsttestNg@5b03b9fe]" name="ChangePasswordAndLoginWithNewPassword" class="com.Buildvest.Customer.FirsttestNg"/>
        <method signature="FirsttestNg.ToVerifyCustomerAddBeneficiarythengotoFundTransferPageLogoutApplicationTest()[pri:2, instance:com.Buildvest.Customer.FirsttestNg@5b03b9fe]" name="ToVerifyCustomerAddBeneficiarythengotoFundTransferPageLogoutApplicationTest" class="com.Buildvest.Customer.FirsttestNg"/>
        <method signature="FirsttestNg.ViewBenificiaryAferAddingBenificiaryTest()[pri:3, instance:com.Buildvest.Customer.FirsttestNg@5b03b9fe]" name="ViewBenificiaryAferAddingBenificiaryTest" class="com.Buildvest.Customer.FirsttestNg"/>
        <method signature="FirsttestNg.addBenificiaryYourselfTest()[pri:1, instance:com.Buildvest.Customer.FirsttestNg@5b03b9fe]" name="addBenificiaryYourselfTest" class="com.Buildvest.Customer.FirsttestNg"/>
      </group> <!-- regression -->
    </groups>
    <test started-at="2022-08-23T14:44:44 IST" name="Test" finished-at="2022-08-23T14:45:38 IST" duration-ms="53983">
      <class name="com.Buildvest.Customer.FirsttestNg">
        <test-method is-config="true" signature="configBS()[pri:0, instance:com.Buildvest.Customer.FirsttestNg@5b03b9fe]" started-at="2022-08-23T14:44:44 IST" name="configBS" finished-at="2022-08-23T14:44:44 IST" duration-ms="15" status="PASS">
          <reporter-output>
          </reporter-output>
        </test-method> <!-- configBS -->
        <test-method is-config="true" signature="configBC(java.lang.String)[pri:0, instance:com.Buildvest.Customer.FirsttestNg@5b03b9fe]" started-at="2022-08-23T14:45:12 IST" name="configBC" finished-at="2022-08-23T14:45:19 IST" duration-ms="7711" status="PASS">
          <params>
            <param index="0">
              <value>
                <![CDATA[Chrome]]>
              </value>
            </param>
          </params>
          <reporter-output>
          </reporter-output>
        </test-method> <!-- configBC -->
        <test-method is-config="true" signature="configBM()[pri:0, instance:com.Buildvest.Customer.FirsttestNg@5b03b9fe]" started-at="2022-08-23T14:45:19 IST" name="configBM" finished-at="2022-08-23T14:45:21 IST" duration-ms="2017" status="PASS">
          <reporter-output>
          </reporter-output>
        </test-method> <!-- configBM -->
        <test-method signature="addBenificiaryYourselfTest()[pri:1, instance:com.Buildvest.Customer.FirsttestNg@5b03b9fe]" started-at="2022-08-23T14:45:21 IST" name="addBenificiaryYourselfTest" finished-at="2022-08-23T14:45:25 IST" duration-ms="3369" status="PASS">
          <reporter-output>
          </reporter-output>
        </test-method> <!-- addBenificiaryYourselfTest -->
        <test-method is-config="true" signature="configAM()[pri:0, instance:com.Buildvest.Customer.FirsttestNg@5b03b9fe]" started-at="2022-08-23T14:45:25 IST" name="configAM" finished-at="2022-08-23T14:45:25 IST" duration-ms="470" status="PASS">
          <reporter-output>
          </reporter-output>
        </test-method> <!-- configAM -->
        <test-method is-config="true" signature="configBM()[pri:0, instance:com.Buildvest.Customer.FirsttestNg@5b03b9fe]" started-at="2022-08-23T14:45:25 IST" name="configBM" finished-at="2022-08-23T14:45:26 IST" duration-ms="962" status="PASS">
          <reporter-output>
          </reporter-output>
        </test-method> <!-- configBM -->
        <test-method signature="ToVerifyCustomerAddBeneficiarythengotoFundTransferPageLogoutApplicationTest()[pri:2, instance:com.Buildvest.Customer.FirsttestNg@5b03b9fe]" started-at="2022-08-23T14:45:26 IST" name="ToVerifyCustomerAddBeneficiarythengotoFundTransferPageLogoutApplicationTest" finished-at="2022-08-23T14:45:30 IST" duration-ms="3394" status="FAIL">
          <exception class="java.lang.AssertionError">
            <message>
              <![CDATA[we fail testcase 3]]>
            </message>
            <full-stacktrace>
              <![CDATA[java.lang.AssertionError: we fail testcase 3
at org.testng.Assert.fail(Assert.java:99)
at com.Buildvest.Customer.FirsttestNg.ToVerifyCustomerAddBeneficiarythengotoFundTransferPageLogoutApplicationTest(FirsttestNg.java:147)
at java.base/jdk.internal.reflect.NativeMethodAccessorImpl.invoke0(Native Method)
at java.base/jdk.internal.reflect.NativeMethodAccessorImpl.invoke(NativeMethodAccessorImpl.java:64)
at java.base/jdk.internal.reflect.DelegatingMethodAccessorImpl.invoke(DelegatingMethodAccessorImpl.java:43)
at java.base/java.lang.reflect.Method.invoke(Method.java:564)
at org.testng.internal.MethodInvocationHelper.invokeMethod(MethodInvocationHelper.java:133)
at org.testng.internal.TestInvoker.invokeMethod(TestInvoker.java:598)
at org.testng.internal.TestInvoker.invokeTestMethod(TestInvoker.java:173)
at org.testng.internal.MethodRunner.runInSequence(MethodRunner.java:46)
at org.testng.internal.TestInvoker$MethodInvocationAgent.invoke(TestInvoker.java:824)
at org.testng.internal.TestInvoker.invokeTestMethods(TestInvoker.java:146)
at org.testng.internal.TestMethodWorker.invokeTestMethods(TestMethodWorker.java:146)
at org.testng.internal.TestMethodWorker.run(TestMethodWorker.java:128)
at java.base/java.util.ArrayList.forEach(ArrayList.java:1511)
at org.testng.TestRunner.privateRun(TestRunner.java:794)
at org.testng.TestRunner.run(TestRunner.java:596)
at org.testng.SuiteRunner.runTest(SuiteRunner.java:377)
at org.testng.SuiteRunner.runSequentially(SuiteRunner.java:371)
at org.testng.SuiteRunner.privateRun(SuiteRunner.java:332)
at org.testng.SuiteRunner.run(SuiteRunner.java:276)
at org.testng.SuiteRunnerWorker.runSuite(SuiteRunnerWorker.java:53)
at org.testng.SuiteRunnerWorker.run(SuiteRunnerWorker.java:96)
at org.testng.TestNG.runSuitesSequentially(TestNG.java:1212)
at org.testng.TestNG.runSuitesLocally(TestNG.java:1134)
at org.testng.TestNG.runSuites(TestNG.java:1063)
at org.testng.TestNG.run(TestNG.java:1031)
at org.testng.remote.AbstractRemoteTestNG.run(AbstractRemoteTestNG.java:115)
at org.testng.remote.RemoteTestNG.initAndRun(RemoteTestNG.java:251)
at org.testng.remote.RemoteTestNG.main(RemoteTestNG.java:77)
]]>
            </full-stacktrace>
          </exception> <!-- java.lang.AssertionError -->
          <reporter-output>
          </reporter-output>
        </test-method> <!-- ToVerifyCustomerAddBeneficiarythengotoFundTransferPageLogoutApplicationTest -->
        <test-method is-config="true" signature="configAM()[pri:0, instance:com.Buildvest.Customer.FirsttestNg@5b03b9fe]" started-at="2022-08-23T14:45:30 IST" name="configAM" finished-at="2022-08-23T14:45:30 IST" duration-ms="469" status="PASS">
          <reporter-output>
          </reporter-output>
        </test-method> <!-- configAM -->
        <test-method is-config="true" signature="configBM()[pri:0, instance:com.Buildvest.Customer.FirsttestNg@5b03b9fe]" started-at="2022-08-23T14:45:30 IST" name="configBM" finished-at="2022-08-23T14:45:31 IST" duration-ms="1023" status="PASS">
          <reporter-output>
          </reporter-output>
        </test-method> <!-- configBM -->
        <test-method signature="ViewBenificiaryAferAddingBenificiaryTest()[pri:3, instance:com.Buildvest.Customer.FirsttestNg@5b03b9fe]" started-at="2022-08-23T14:45:31 IST" name="ViewBenificiaryAferAddingBenificiaryTest" finished-at="2022-08-23T14:45:34 IST" duration-ms="2305" status="PASS">
          <reporter-output>
          </reporter-output>
        </test-method> <!-- ViewBenificiaryAferAddingBenificiaryTest -->
        <test-method is-config="true" signature="configAM()[pri:0, instance:com.Buildvest.Customer.FirsttestNg@5b03b9fe]" started-at="2022-08-23T14:45:34 IST" name="configAM" finished-at="2022-08-23T14:45:34 IST" duration-ms="406" status="PASS">
          <reporter-output>
          </reporter-output>
        </test-method> <!-- configAM -->
        <test-method is-config="true" signature="configBM()[pri:0, instance:com.Buildvest.Customer.FirsttestNg@5b03b9fe]" started-at="2022-08-23T14:45:34 IST" name="configBM" finished-at="2022-08-23T14:45:35 IST" duration-ms="1147" status="PASS">
          <reporter-output>
          </reporter-output>
        </test-method> <!-- configBM -->
        <test-method signature="ChangePasswordAndLoginWithNewPassword()[pri:4, instance:com.Buildvest.Customer.FirsttestNg@5b03b9fe]" started-at="2022-08-23T14:45:35 IST" name="ChangePasswordAndLoginWithNewPassword" finished-at="2022-08-23T14:45:37 IST" duration-ms="1856" status="PASS">
          <reporter-output>
          </reporter-output>
        </test-method> <!-- ChangePasswordAndLoginWithNewPassword -->
        <test-method is-config="true" signature="configAM()[pri:0, instance:com.Buildvest.Customer.FirsttestNg@5b03b9fe]" started-at="2022-08-23T14:45:37 IST" name="configAM" finished-at="2022-08-23T14:45:38 IST" duration-ms="409" status="PASS">
          <reporter-output>
          </reporter-output>
        </test-method> <!-- configAM -->
        <test-method is-config="true" signature="configAC()[pri:0, instance:com.Buildvest.Customer.FirsttestNg@5b03b9fe]" started-at="2022-08-23T14:45:38 IST" name="configAC" finished-at="2022-08-23T14:45:38 IST" duration-ms="264" status="PASS">
          <reporter-output>
          </reporter-output>
        </test-method> <!-- configAC -->
        <test-method is-config="true" signature="configAS()[pri:0, instance:com.Buildvest.Customer.FirsttestNg@5b03b9fe]" started-at="2022-08-23T14:45:38 IST" name="configAS" finished-at="2022-08-23T14:45:38 IST" duration-ms="1" status="PASS">
          <reporter-output>
          </reporter-output>
        </test-method> <!-- configAS -->
      </class> <!-- com.Buildvest.Customer.FirsttestNg -->
      <class name="com.Buildvest.Staff.StaffTestng">
        <test-method is-config="true" signature="configBS()[pri:0, instance:com.Buildvest.Staff.StaffTestng@342c38f8]" started-at="2022-08-23T14:44:44 IST" name="configBS" finished-at="2022-08-23T14:44:44 IST" duration-ms="0" status="PASS">
          <reporter-output>
          </reporter-output>
        </test-method> <!-- configBS -->
        <test-method is-config="true" signature="configBC()[pri:0, instance:com.Buildvest.Staff.StaffTestng@342c38f8]" started-at="2022-08-23T14:44:44 IST" name="configBC" finished-at="2022-08-23T14:44:58 IST" duration-ms="13834" status="PASS">
          <reporter-output>
          </reporter-output>
        </test-method> <!-- configBC -->
        <test-method is-config="true" signature="configBM()[pri:0, instance:com.Buildvest.Staff.StaffTestng@342c38f8]" started-at="2022-08-23T14:44:58 IST" name="configBM" finished-at="2022-08-23T14:45:02 IST" duration-ms="4057" status="PASS">
          <reporter-output>
          </reporter-output>
        </test-method> <!-- configBM -->
        <test-method signature="verifyAccountInApprovePendingAccountTest()[pri:0, instance:com.Buildvest.Staff.StaffTestng@342c38f8]" started-at="2022-08-23T14:45:02 IST" name="verifyAccountInApprovePendingAccountTest" finished-at="2022-08-23T14:45:10 IST" duration-ms="7989" status="PASS">
          <reporter-output>
          </reporter-output>
        </test-method> <!-- verifyAccountInApprovePendingAccountTest -->
        <test-method is-config="true" signature="configAM()[pri:0, instance:com.Buildvest.Staff.StaffTestng@342c38f8]" started-at="2022-08-23T14:45:10 IST" name="configAM" finished-at="2022-08-23T14:45:11 IST" duration-ms="759" status="PASS">
          <reporter-output>
          </reporter-output>
        </test-method> <!-- configAM -->
        <test-method is-config="true" signature="configAC()[pri:0, instance:com.Buildvest.Staff.StaffTestng@342c38f8]" started-at="2022-08-23T14:45:11 IST" name="configAC" finished-at="2022-08-23T14:45:12 IST" duration-ms="1074" status="PASS">
          <reporter-output>
          </reporter-output>
        </test-method> <!-- configAC -->
        <test-method is-config="true" signature="conifAS()[pri:0, instance:com.Buildvest.Staff.StaffTestng@342c38f8]" started-at="2022-08-23T14:45:38 IST" name="conifAS" finished-at="2022-08-23T14:45:38 IST" duration-ms="0" status="PASS">
          <reporter-output>
          </reporter-output>
        </test-method> <!-- conifAS -->
      </class> <!-- com.Buildvest.Staff.StaffTestng -->
    </test> <!-- Test -->
  </suite> <!-- Batch -->
</testng-results>
