<?xml version="1.0" encoding="UTF-8"?>
<!-- Generated by org.testng.reporters.JUnitXMLReporter -->
<testsuite ignored="0" hostname="Manu" failures="0" tests="4" name="TestRunner2" time="43.631" errors="0" timestamp="2022-08-17T16:23:54 IST">
  <testcase classname="com.Buildvest.Customer.FirsttestNg" name="addBenificiaryYourselfTest" time="7.493"/>
  <testcase classname="com.Buildvest.Customer.FirsttestNg" name="ToVerifyCustomerAddBeneficiarythengotoFundTransferPageLogoutApplicationTest" time="4.663"/>
  <testcase classname="com.Buildvest.Customer.FirsttestNg" name="ViewBenificiaryAferAddingBenificiaryTest" time="3.43"/>
  <testcase classname="com.Buildvest.Customer.FirsttestNg" name="ChangePasswordAndLoginWithNewPassword" time="2.746"/>
</testsuite> <!-- TestRunner2 -->
