<?xml version="1.0" encoding="UTF-8"?>
<!-- Generated by org.testng.reporters.JUnitXMLReporter -->
<testsuite ignored="3" hostname="Manu" failures="1" tests="1" name="Test(failed)" time="38.531" errors="0" timestamp="2022-08-19T12:51:48 IST">
  <testcase classname="com.Buildvest.Customer.FirsttestNg" name="addBenificiaryYourselfTest" time="9.919">
    <failure type="java.lang.AssertionError" message="null">
      <![CDATA[java.lang.AssertionError: null
at com.Buildvest.Customer.FirsttestNg.addBenificiaryYourselfTest(FirsttestNg.java:65)
at java.base/java.util.ArrayList.forEach(ArrayList.java:1511)
... Removed 29 stack frames]]>
    </failure>
  </testcase> <!-- addBenificiaryYourselfTest -->
  <testcase classname="com.Buildvest.Customer.FirsttestNg" name="ViewBenificiaryAferAddingBenificiaryTest" time="0.0">
    <ignored/>
  </testcase> <!-- ViewBenificiaryAferAddingBenificiaryTest -->
  <testcase classname="com.Buildvest.Customer.FirsttestNg" name="ToVerifyCustomerAddBeneficiarythengotoFundTransferPageLogoutApplicationTest" time="0.0">
    <ignored/>
  </testcase> <!-- ToVerifyCustomerAddBeneficiarythengotoFundTransferPageLogoutApplicationTest -->
  <testcase classname="com.Buildvest.Customer.FirsttestNg" name="ChangePasswordAndLoginWithNewPassword" time="0.0">
    <ignored/>
  </testcase> <!-- ChangePasswordAndLoginWithNewPassword -->
</testsuite> <!-- Test(failed) -->
